{"level":"info","ts":1609703854.554843,"caller":"gin-zap@v0.0.0-20180806194049-1d9e5171c53e/gin-zap.go:125","msg":"[GIN]","statusCode":200,"latency":"77.855µs","clientIP":"::1","method":"GET","path":"/getLocationByID","error":""}
{"level":"fatal","ts":1609750609.582252,"caller":"db/db.go:63","msg":"Cannot connect to database","stacktrace":"github.com/devminnu/weatherapp/location/db.Init\n\t/Users/minhaj/go/src/apps/weatherapp/location/db/db.go:63\nmain.main\n\t/Users/minhaj/go/src/apps/weatherapp/location/main.go:19\nruntime.main\n\t/usr/local/Cellar/go/1.15.6/libexec/src/runtime/proc.go:204"}
{"level":"fatal","ts":1609750621.555757,"caller":"db/db.go:63","msg":"Cannot connect to database","stacktrace":"github.com/devminnu/weatherapp/location/db.Init\n\t/Users/minhaj/go/src/apps/weatherapp/location/db/db.go:63\nmain.main\n\t/Users/minhaj/go/src/apps/weatherapp/location/main.go:19\nruntime.main\n\t/usr/local/Cellar/go/1.15.6/libexec/src/runtime/proc.go:204"}
{"level":"info","ts":1609750666.93809,"caller":"db/db.go:67","msg":"Connected To MongoDB"}
{"level":"info","ts":1609786855.430521,"caller":"db/db.go:67","msg":"Connected To MongoDB"}
{"level":"info","ts":1609786874.098519,"caller":"gin-zap@v0.0.0-20180806194049-1d9e5171c53e/gin-zap.go:125","msg":"[GIN]","statusCode":200,"latency":"67.388µs","clientIP":"::1","method":"GET","path":"/getLocationByID","error":""}
{"level":"fatal","ts":1609790080.497625,"caller":"db/db.go:63","msg":"Cannot connect to database","stacktrace":"github.com/devminnu/weatherapp/location/db.Init\n\t/Users/minhaj/go/src/apps/weatherapp/location/db/db.go:63\nmain.main\n\t/Users/minhaj/go/src/apps/weatherapp/location/main.go:19\nruntime.main\n\t/usr/local/Cellar/go/1.15.6/libexec/src/runtime/proc.go:204"}
{"level":"info","ts":1609790455.434261,"caller":"gin-zap@v0.0.0-20180806194049-1d9e5171c53e/gin-zap.go:125","msg":"[GIN]","statusCode":200,"latency":"69.699µs","clientIP":"::1","method":"GET","path":"/getLocationByID","error":""}
{"level":"info","ts":1609790539.650941,"caller":"gin-zap@v0.0.0-20180806194049-1d9e5171c53e/gin-zap.go:125","msg":"[GIN]","statusCode":200,"latency":"62.414µs","clientIP":"::1","method":"GET","path":"/getLocationByID","error":""}
{"level":"info","ts":1609790701.976802,"caller":"gin-zap@v0.0.0-20180806194049-1d9e5171c53e/gin-zap.go:125","msg":"[GIN]","statusCode":200,"latency":"57.542µs","clientIP":"::1","method":"GET","path":"/getLocationByID","error":""}
{"level":"info","ts":1609790704.836246,"caller":"gin-zap@v0.0.0-20180806194049-1d9e5171c53e/gin-zap.go:125","msg":"[GIN]","statusCode":200,"latency":"25.476µs","clientIP":"::1","method":"GET","path":"/getLocationByID","error":""}
{"level":"info","ts":1609790705.493425,"caller":"gin-zap@v0.0.0-20180806194049-1d9e5171c53e/gin-zap.go:125","msg":"[GIN]","statusCode":200,"latency":"37.553µs","clientIP":"::1","method":"GET","path":"/getLocationByID","error":""}
{"level":"info","ts":1609790706.091421,"caller":"gin-zap@v0.0.0-20180806194049-1d9e5171c53e/gin-zap.go:125","msg":"[GIN]","statusCode":200,"latency":"40.056µs","clientIP":"::1","method":"GET","path":"/getLocationByID","error":""}
{"level":"info","ts":1609790706.703595,"caller":"gin-zap@v0.0.0-20180806194049-1d9e5171c53e/gin-zap.go:125","msg":"[GIN]","statusCode":200,"latency":"37.207µs","clientIP":"::1","method":"GET","path":"/getLocationByID","error":""}
{"level":"info","ts":1609790707.148309,"caller":"gin-zap@v0.0.0-20180806194049-1d9e5171c53e/gin-zap.go:125","msg":"[GIN]","statusCode":200,"latency":"35.41µs","clientIP":"::1","method":"GET","path":"/getLocationByID","error":""}
{"level":"info","ts":1609790810.364179,"caller":"gin-zap@v0.0.0-20180806194049-1d9e5171c53e/gin-zap.go:125","msg":"[GIN]","statusCode":200,"latency":"61.925µs","clientIP":"::1","method":"GET","path":"/getLocationByID","error":""}
{"level":"info","ts":1609790811.015418,"caller":"gin-zap@v0.0.0-20180806194049-1d9e5171c53e/gin-zap.go:125","msg":"[GIN]","statusCode":200,"latency":"41.145µs","clientIP":"::1","method":"GET","path":"/getLocationByID","error":""}
{"level":"info","ts":1609792121.388963,"caller":"gin-zap@v0.0.0-20180806194049-1d9e5171c53e/gin-zap.go:125","msg":"[GIN]","statusCode":200,"latency":"68.186µs","clientIP":"::1","method":"GET","path":"/getLocationByID","error":""}
{"level":"warn","ts":1609792541.199105,"caller":"logger/logger.go:28","msg":"Warning"}
{"level":"error","ts":1609792541.199521,"caller":"logger/logger.go:29","msg":"Error","stacktrace":"github.com/devminnu/weatherapp/location/logger.Init\n\t/Users/minhaj/go/src/apps/weatherapp/location/logger/logger.go:29\nmain.main\n\t/Users/minhaj/go/src/apps/weatherapp/location/main.go:17\nruntime.main\n\t/usr/local/Cellar/go/1.15.6/libexec/src/runtime/proc.go:204"}
{"level":"info","ts":1609792541.19957,"caller":"logger/logger.go:30","msg":"Info"}
{"level":"info","ts":1609792546.563745,"caller":"gin-zap@v0.0.0-20180806194049-1d9e5171c53e/gin-zap.go:125","msg":"[GIN]","statusCode":200,"latency":"73.51µs","clientIP":"::1","method":"GET","path":"/getLocationByID","error":""}
{"level":"warn","ts":1609792670.0971038,"caller":"logger/logger.go:27","msg":"Warning"}
{"level":"error","ts":1609792670.0972989,"caller":"logger/logger.go:28","msg":"Error","stacktrace":"github.com/devminnu/weatherapp/location/logger.Init\n\t/Users/minhaj/go/src/apps/weatherapp/location/logger/logger.go:28\nmain.main\n\t/Users/minhaj/go/src/apps/weatherapp/location/main.go:18\nruntime.main\n\t/usr/local/Cellar/go/1.15.6/libexec/src/runtime/proc.go:204"}
{"level":"info","ts":1609792670.0974238,"caller":"logger/logger.go:29","msg":"Info"}
{"level":"fatal","ts":1609792690.102505,"caller":"db/db.go:63","msg":"Cannot connect to database","stacktrace":"github.com/devminnu/weatherapp/location/db.Init\n\t/Users/minhaj/go/src/apps/weatherapp/location/db/db.go:63\nmain.main\n\t/Users/minhaj/go/src/apps/weatherapp/location/main.go:19\nruntime.main\n\t/usr/local/Cellar/go/1.15.6/libexec/src/runtime/proc.go:204"}
